<?xml version="1.0" encoding="utf-8"?><testsuites name="pytest tests"><testsuite name="pytest" errors="0" failures="0" skipped="2" tests="14" time="17.295" timestamp="2026-04-06T17:11:13.038359+00:00" hostname="agent-env-6d2648dc-e9df-408c-8760-91f1c748d6d2"><testcase classname="backend.tests.test_duplicate_detection.TestAuth" name="test_teacher_login" time="0.961" /><testcase classname="backend.tests.test_duplicate_detection.TestAuth" name="test_superadmin_login" time="0.523" /><testcase classname="backend.tests.test_duplicate_detection.TestDuplicateDetectionEndpoints" name="test_check_duplicate_unique_question" time="0.948" /><testcase classname="backend.tests.test_duplicate_detection.TestDuplicateDetectionEndpoints" name="test_check_duplicate_exact_match" time="1.606" /><testcase classname="backend.tests.test_duplicate_detection.TestDuplicateDetectionEndpoints" name="test_check_duplicates_bulk" time="0.988" /><testcase classname="backend.tests.test_duplicate_detection.TestDuplicateDetectionEndpoints" name="test_check_duplicate_validation" time="1.019" /><testcase classname="backend.tests.test_duplicate_detection.TestTeacherManualEntry" name="test_create_unique_question" time="1.033" /><testcase classname="backend.tests.test_duplicate_detection.TestTeacherManualEntry" name="test_create_exact_duplicate_blocked" time="2.068" /><testcase classname="backend.tests.test_duplicate_detection.TestTeacherManualEntry" name="test_force_upload_similar_question" time="2.069" /><testcase classname="backend.tests.test_duplicate_detection.TestBulkQuestionUpload" name="test_bulk_upload_filters_duplicates" time="1.079" /><testcase classname="backend.tests.test_duplicate_detection.TestUnifiedSelectionEngine" name="test_select_by_blueprint" time="1.131"><skipped type="pytest.skip" message="No test with blueprint found">/app/backend/tests/test_duplicate_detection.py:272: No test with blueprint found</skipped></testcase><testcase classname="backend.tests.test_duplicate_detection.TestUnifiedSelectionEngine" name="test_blueprint_generate_preview" time="1.645"><skipped type="pytest.skip" message="No blueprints found">/app/backend/tests/test_duplicate_detection.py:301: No blueprints found</skipped></testcase><testcase classname="backend.tests.test_duplicate_detection.TestWordUploadDuplicateDetection" name="test_word_preview_returns_duplicate_summary" time="0.984" /><testcase classname="backend.tests.test_duplicate_detection.TestWordUploadDuplicateDetection" name="test_word_confirm_endpoint_exists" time="1.166" /></testsuite></testsuites>