<?xml version="1.0" encoding="utf-8"?><testsuites name="pytest tests"><testsuite name="pytest" errors="0" failures="0" skipped="0" tests="10" time="0.955" timestamp="2026-06-18T05:40:11.014568+00:00" hostname="agent-env-6d2648dc-e9df-408c-8760-91f1c748d6d2"><testcase classname="backend.tests.test_blueprint_upload.TestBlueprintCoverageEndpoint" name="test_coverage_endpoint_returns_200" time="0.215" /><testcase classname="backend.tests.test_blueprint_upload.TestBlueprintCoverageEndpoint" name="test_coverage_has_section_wise_stats" time="0.034" /><testcase classname="backend.tests.test_blueprint_upload.TestBlueprintCoverageEndpoint" name="test_section_a_has_pending_questions" time="0.034" /><testcase classname="backend.tests.test_blueprint_upload.TestBlueprintCoverageEndpoint" name="test_section_a_lesson_breakdown" time="0.035" /><testcase classname="backend.tests.test_blueprint_upload.TestBlueprintCoverageEndpoint" name="test_coverage_requires_auth" time="0.092" /><testcase classname="backend.tests.test_blueprint_upload.TestSectionLockValidation" name="test_preview_with_target_section_reassigns_questions" time="0.220" /><testcase classname="backend.tests.test_blueprint_upload.TestConfirmEndpoint" name="test_confirm_saves_with_correct_metadata" time="0.184" /><testcase classname="backend.tests.test_blueprint_upload.TestBlueprintEndpoints" name="test_get_blueprints_list" time="0.036" /><testcase classname="backend.tests.test_blueprint_upload.TestBlueprintEndpoints" name="test_get_specific_blueprint" time="0.027" /><testcase classname="backend.tests.test_blueprint_upload.TestDepartmentContext" name="test_questions_filtered_by_department" time="0.029" /></testsuite></testsuites>