<?xml version="1.0" encoding="utf-8"?><testsuites name="pytest tests"><testsuite name="pytest" errors="0" failures="0" skipped="0" tests="16" time="2.644" timestamp="2026-06-18T10:20:16.691360+00:00" hostname="agent-env-6d2648dc-e9df-408c-8760-91f1c748d6d2"><testcase classname="backend.tests.test_academic_coverage.TestAcademicCoverageAPI" name="test_academic_coverage_returns_200" time="0.235" /><testcase classname="backend.tests.test_academic_coverage.TestAcademicCoverageAPI" name="test_coverage_has_correct_department_info" time="0.150" /><testcase classname="backend.tests.test_academic_coverage.TestAcademicCoverageAPI" name="test_coverage_uses_only_approved_questions" time="0.166" /><testcase classname="backend.tests.test_academic_coverage.TestAcademicCoverageAPI" name="test_blueprint_coverage_structure" time="0.138" /><testcase classname="backend.tests.test_academic_coverage.TestAcademicCoverageAPI" name="test_section_coverage_fields" time="0.149" /><testcase classname="backend.tests.test_academic_coverage.TestAcademicCoverageAPI" name="test_lesson_breakdown_within_sections" time="0.134" /><testcase classname="backend.tests.test_academic_coverage.TestAcademicCoverageAPI" name="test_topic_breakdown_within_lessons" time="0.199" /><testcase classname="backend.tests.test_academic_coverage.TestAcademicCoverageAPI" name="test_weak_sections_sorted_by_coverage" time="0.207" /><testcase classname="backend.tests.test_academic_coverage.TestAcademicCoverageAPI" name="test_weak_lessons_sorted_by_coverage" time="0.144" /><testcase classname="backend.tests.test_academic_coverage.TestAcademicCoverageAPI" name="test_weak_topics_sorted_by_coverage" time="0.151" /><testcase classname="backend.tests.test_academic_coverage.TestAcademicCoverageAPI" name="test_summary_overall_coverage" time="0.147" /><testcase classname="backend.tests.test_academic_coverage.TestAcademicCoverageAPI" name="test_unauthorized_department_access_returns_403" time="0.161" /><testcase classname="backend.tests.test_academic_coverage.TestAcademicCoverageAPI" name="test_unauthenticated_request_returns_401" time="0.167" /><testcase classname="backend.tests.test_academic_coverage.TestAcademicCoverageAPI" name="test_section_a_coverage_matches_expected" time="0.134" /><testcase classname="backend.tests.test_academic_coverage.TestAcademicCoverageAPI" name="test_section_b_coverage_matches_expected" time="0.138" /><testcase classname="backend.tests.test_academic_coverage.TestAcademicCoverageAPI" name="test_section_c_coverage_matches_expected" time="0.171" /></testsuite></testsuites>