<?xml version="1.0" encoding="utf-8"?><testsuites name="pytest tests"><testsuite name="pytest" errors="0" failures="0" skipped="2" tests="21" time="2.170" timestamp="2026-06-18T11:22:08.399092+00:00" hostname="agent-env-6d2648dc-e9df-408c-8760-91f1c748d6d2"><testcase classname="backend.tests.test_blocker_fixes_e2e.TestAuthentication" name="test_hod_login" time="0.609" /><testcase classname="backend.tests.test_blocker_fixes_e2e.TestAuthentication" name="test_teacher_login" time="0.275" /><testcase classname="backend.tests.test_blocker_fixes_e2e.TestAuthentication" name="test_student_login" time="0.058" /><testcase classname="backend.tests.test_blocker_fixes_e2e.TestDepartmentIdFilter" name="test_blueprint_exists_with_department" time="0.109" /><testcase classname="backend.tests.test_blocker_fixes_e2e.TestDepartmentIdFilter" name="test_generate_preview_uses_department_filter" time="0.126" /><testcase classname="backend.tests.test_blocker_fixes_e2e.TestDepartmentIdFilter" name="test_no_math_questions_in_science_paper" time="0.036" /><testcase classname="backend.tests.test_blocker_fixes_e2e.TestDepartmentIdFilter" name="test_teacher_cannot_access_other_department" time="0.093" /><testcase classname="backend.tests.test_blocker_fixes_e2e.TestLessonBalancing" name="test_lesson_distribution_in_generated_paper" time="0.071" /><testcase classname="backend.tests.test_blocker_fixes_e2e.TestLessonBalancing" name="test_multiset_lesson_distribution" time="0.062" /><testcase classname="backend.tests.test_blocker_fixes_e2e.TestAcademicCoverage" name="test_academic_coverage_api" time="0.048" /><testcase classname="backend.tests.test_blocker_fixes_e2e.TestMultiSetGeneration" name="test_generate_single_set" time="0.069" /><testcase classname="backend.tests.test_blocker_fixes_e2e.TestMultiSetGeneration" name="test_generate_three_sets_no_overlap" time="0.056" /><testcase classname="backend.tests.test_blocker_fixes_e2e.TestMockTestFlow" name="test_create_mock_test" time="0.042" /><testcase classname="backend.tests.test_blocker_fixes_e2e.TestMockTestFlow" name="test_activate_test" time="0.089" /><testcase classname="backend.tests.test_blocker_fixes_e2e.TestExamFlow" name="test_student_available_tests" time="0.091" /><testcase classname="backend.tests.test_blocker_fixes_e2e.TestExamFlow" name="test_exam_start" time="0.044"><skipped type="pytest.skip" message="No active test available for student">/app/backend/tests/test_blocker_fixes_e2e.py:574: No active test available for student</skipped></testcase><testcase classname="backend.tests.test_blocker_fixes_e2e.TestExamFlow" name="test_exam_submit" time="0.046"><skipped type="pytest.skip" message="No active test available">/app/backend/tests/test_blocker_fixes_e2e.py:624: No active test available</skipped></testcase><testcase classname="backend.tests.test_blocker_fixes_e2e.TestExamFlow" name="test_student_results" time="0.036" /><testcase classname="backend.tests.test_blocker_fixes_e2e.TestRevealResults" name="test_hod_reveal_results" time="0.068" /><testcase classname="backend.tests.test_blocker_fixes_e2e.TestQuestionApproval" name="test_get_pending_questions" time="0.041" /><testcase classname="backend.tests.test_blocker_fixes_e2e.TestQuestionApproval" name="test_approved_questions_count" time="0.045" /></testsuite></testsuites>