<?xml version="1.0" encoding="utf-8"?><testsuites name="pytest tests"><testsuite name="pytest" errors="0" failures="0" skipped="0" tests="14" time="0.274" timestamp="2026-04-06T23:36:11.583206+00:00" hostname="agent-env-6d2648dc-e9df-408c-8760-91f1c748d6d2"><testcase classname="backend.tests.test_multiset_generation.TestAuthentication" name="test_super_admin_login" time="0.022" /><testcase classname="backend.tests.test_multiset_generation.TestAuthentication" name="test_hod_login" time="0.005" /><testcase classname="backend.tests.test_multiset_generation.TestBulkQuestionCreation" name="test_bulk_questions_requires_auth" time="0.002" /><testcase classname="backend.tests.test_multiset_generation.TestBulkQuestionCreation" name="test_bulk_questions_with_tenant_id" time="0.014" /><testcase classname="backend.tests.test_multiset_generation.TestMultiSetValidation" name="test_validate_multiset_3_sets_success" time="0.010" /><testcase classname="backend.tests.test_multiset_generation.TestMultiSetValidation" name="test_validate_multiset_4_sets_insufficient" time="0.004" /><testcase classname="backend.tests.test_multiset_generation.TestMultiSetValidation" name="test_validate_multiset_requires_blueprint" time="0.003" /><testcase classname="backend.tests.test_multiset_generation.TestMultiSetGeneration" name="test_generate_multiset_3_sets" time="0.008" /><testcase classname="backend.tests.test_multiset_generation.TestMultiSetGeneration" name="test_generate_multiset_stores_question_sets" time="0.002" /><testcase classname="backend.tests.test_multiset_generation.TestPaperPDFDownload" name="test_paper_pdf_set_1" time="0.035" /><testcase classname="backend.tests.test_multiset_generation.TestPaperPDFDownload" name="test_paper_pdf_set_2" time="0.018" /><testcase classname="backend.tests.test_multiset_generation.TestPaperPDFDownload" name="test_paper_pdf_set_3" time="0.019" /><testcase classname="backend.tests.test_multiset_generation.TestDifficultyParity" name="test_difficulty_distribution_parity" time="0.007" /><testcase classname="backend.tests.test_multiset_generation.TestChapterCoverage" name="test_chapter_coverage_consistency" time="0.005" /></testsuite></testsuites>