<?xml version="1.0" encoding="utf-8"?><testsuites name="pytest tests"><testsuite name="pytest" errors="0" failures="0" skipped="0" tests="18" time="4.694" timestamp="2026-06-18T15:58:06.915349+00:00" hostname="agent-env-6d2648dc-e9df-408c-8760-91f1c748d6d2"><testcase classname="backend.tests.test_memory_bottleneck_fix.TestLoginAllRoles" name="test_super_admin_login" time="0.652" /><testcase classname="backend.tests.test_memory_bottleneck_fix.TestLoginAllRoles" name="test_hod_login" time="0.156" /><testcase classname="backend.tests.test_memory_bottleneck_fix.TestLoginAllRoles" name="test_teacher_login" time="0.367" /><testcase classname="backend.tests.test_memory_bottleneck_fix.TestLoginAllRoles" name="test_student_login" time="0.086" /><testcase classname="backend.tests.test_memory_bottleneck_fix.TestQuestionsEndpoint" name="test_questions_with_department_id_returns_array" time="0.278" /><testcase classname="backend.tests.test_memory_bottleneck_fix.TestQuestionsEndpoint" name="test_questions_without_department_id_returns_paginated" time="0.321" /><testcase classname="backend.tests.test_memory_bottleneck_fix.TestTeacherQuestions" name="test_teacher_questions_endpoint" time="0.227" /><testcase classname="backend.tests.test_memory_bottleneck_fix.TestAnalyticsEndpoint" name="test_analytics_returns_total_questions" time="0.195" /><testcase classname="backend.tests.test_memory_bottleneck_fix.TestAcademicCoverage" name="test_academic_coverage_endpoint" time="0.272" /><testcase classname="backend.tests.test_memory_bottleneck_fix.TestHodLessonStats" name="test_hod_lesson_stats_with_department" time="0.219" /><testcase classname="backend.tests.test_memory_bottleneck_fix.TestValidateMultiset" name="test_validate_multiset_endpoint" time="0.321" /><testcase classname="backend.tests.test_memory_bottleneck_fix.TestCheckDuplicate" name="test_check_duplicate_with_department" time="0.225" /><testcase classname="backend.tests.test_memory_bottleneck_fix.TestExportQuestions" name="test_export_questions_with_department" time="0.194" /><testcase classname="backend.tests.test_memory_bottleneck_fix.TestSessionExpiry" name="test_expired_token_returns_session_expired" time="0.182" /><testcase classname="backend.tests.test_memory_bottleneck_fix.TestSessionExpiry" name="test_valid_token_access" time="0.213" /><testcase classname="backend.tests.test_memory_bottleneck_fix.TestHodDashboardLoads" name="test_hod_pending_questions" time="0.222" /><testcase classname="backend.tests.test_memory_bottleneck_fix.TestHodDashboardLoads" name="test_blueprints_endpoint" time="0.282" /><testcase classname="backend.tests.test_memory_bottleneck_fix.TestHodDashboardLoads" name="test_my_departments_endpoint" time="0.196" /></testsuite></testsuites>