<?xml version="1.0" encoding="utf-8"?><testsuites name="pytest tests"><testsuite name="pytest" errors="0" failures="0" skipped="0" tests="7" time="1.545" timestamp="2026-06-25T06:51:58.254843+00:00" hostname="agent-env-6d2648dc-e9df-408c-8760-91f1c748d6d2"><testcase classname="backend.tests.test_branding_v1.TestAuthEndpoints" name="test_login_hod_success" time="0.358" /><testcase classname="backend.tests.test_branding_v1.TestAuthEndpoints" name="test_login_superadmin_success" time="0.124" /><testcase classname="backend.tests.test_branding_v1.TestAuthEndpoints" name="test_login_invalid_credentials" time="0.082" /><testcase classname="backend.tests.test_branding_v1.TestAuthEndpoints" name="test_login_missing_fields" time="0.082" /><testcase classname="backend.tests.test_branding_v1.TestQuestionsEndpoints" name="test_get_questions" time="0.230" /><testcase classname="backend.tests.test_branding_v1.TestQuestionsEndpoints" name="test_patch_question_endpoint_exists" time="0.439" /><testcase classname="backend.tests.test_branding_v1.TestHealthEndpoints" name="test_api_health" time="0.126" /></testsuite></testsuites>