<?xml version="1.0" encoding="utf-8"?><testsuites name="pytest tests"><testsuite name="pytest" errors="0" failures="0" skipped="0" tests="13" time="3.311" timestamp="2026-06-25T08:45:01.062014+00:00" hostname="agent-env-6d2648dc-e9df-408c-8760-91f1c748d6d2"><testcase classname="backend.tests.test_prashnakosh_v1_final.TestHealthCheck" name="test_health_endpoint_returns_healthy" time="0.563" /><testcase classname="backend.tests.test_prashnakosh_v1_final.TestAuthentication" name="test_login_missing_fields_returns_400" time="0.263" /><testcase classname="backend.tests.test_prashnakosh_v1_final.TestAuthentication" name="test_login_invalid_credentials_returns_401" time="0.113" /><testcase classname="backend.tests.test_prashnakosh_v1_final.TestAuthentication" name="test_hod_login_success" time="0.115" /><testcase classname="backend.tests.test_prashnakosh_v1_final.TestAuthentication" name="test_super_admin_login_success" time="0.145" /><testcase classname="backend.tests.test_prashnakosh_v1_final.TestQuestionsAPI" name="test_get_questions_requires_auth" time="0.081" /><testcase classname="backend.tests.test_prashnakosh_v1_final.TestQuestionsAPI" name="test_get_questions_with_auth" time="0.318" /><testcase classname="backend.tests.test_prashnakosh_v1_final.TestQuestionsAPI" name="test_patch_question_endpoint_exists" time="0.413" /><testcase classname="backend.tests.test_prashnakosh_v1_final.TestBlueprintsAPI" name="test_get_blueprints_with_auth" time="0.303" /><testcase classname="backend.tests.test_prashnakosh_v1_final.TestExamEngine" name="test_exam_submit_resubmission_prevention" time="0.222" /><testcase classname="backend.tests.test_prashnakosh_v1_final.TestExamEngine" name="test_exam_save_state_endpoint_exists" time="0.200" /><testcase classname="backend.tests.test_prashnakosh_v1_final.TestCoverageDashboard" name="test_analytics_endpoint" time="0.222" /><testcase classname="backend.tests.test_prashnakosh_v1_final.TestPaperGenerator" name="test_tests_endpoint" time="0.244" /></testsuite></testsuites>