<?xml version="1.0" encoding="utf-8"?><testsuites name="pytest tests"><testsuite name="pytest" errors="0" failures="6" skipped="6" tests="14" time="12.537" timestamp="2026-01-29T18:34:12.568259+00:00" hostname="agent-env-eb2f0d2b-16a9-4b8b-ae3e-c4ebe3f3f24a"><testcase classname="backend.tests.test_principal_and_reference.TestAuthentication" name="test_super_admin_login" time="0.668" /><testcase classname="backend.tests.test_principal_and_reference.TestAuthentication" name="test_principal_login" time="0.645"><failure message="AssertionError: Expected 200, got 401: {&quot;error&quot;:&quot;Invalid credentials&quot;}&#10;assert 401 == 200&#10; +  where 401 = &lt;Response [401]&gt;.status_code">backend/tests/test_principal_and_reference.py:44: in test_principal_login
    assert response.status_code == 200, f"Expected 200, got {response.status_code}: {response.text}"
E   AssertionError: Expected 200, got 401: {"error":"Invalid credentials"}
E   assert 401 == 200
E    +  where 401 = &lt;Response [401]&gt;.status_code</failure></testcase><testcase classname="backend.tests.test_principal_and_reference.TestPrincipalDashboard" name="test_principal_snapshot_api" time="0.652"><skipped type="pytest.skip" message="Principal login failed: {&quot;error&quot;:&quot;Invalid credentials&quot;}">/app/backend/tests/test_principal_and_reference.py:64: Principal login failed: {"error":"Invalid credentials"}</skipped></testcase><testcase classname="backend.tests.test_principal_and_reference.TestPrincipalDashboard" name="test_principal_grade_performance_api" time="0.634"><skipped type="pytest.skip" message="Principal login failed: {&quot;error&quot;:&quot;Invalid credentials&quot;}">/app/backend/tests/test_principal_and_reference.py:86: Principal login failed: {"error":"Invalid credentials"}</skipped></testcase><testcase classname="backend.tests.test_principal_and_reference.TestPrincipalDashboard" name="test_principal_subject_health_api" time="0.655"><skipped type="pytest.skip" message="Principal login failed: {&quot;error&quot;:&quot;Invalid credentials&quot;}">/app/backend/tests/test_principal_and_reference.py:107: Principal login failed: {"error":"Invalid credentials"}</skipped></testcase><testcase classname="backend.tests.test_principal_and_reference.TestPrincipalDashboard" name="test_principal_at_risk_students_api" time="0.434"><skipped type="pytest.skip" message="Principal login failed: {&quot;error&quot;:&quot;Invalid credentials&quot;}">/app/backend/tests/test_principal_and_reference.py:126: Principal login failed: {"error":"Invalid credentials"}</skipped></testcase><testcase classname="backend.tests.test_principal_and_reference.TestPrincipalDashboard" name="test_principal_risk_alerts_api" time="0.435"><skipped type="pytest.skip" message="Principal login failed: {&quot;error&quot;:&quot;Invalid credentials&quot;}">/app/backend/tests/test_principal_and_reference.py:145: Principal login failed: {"error":"Invalid credentials"}</skipped></testcase><testcase classname="backend.tests.test_principal_and_reference.TestPrincipalDashboard" name="test_no_hardcoded_demo_data" time="0.649"><skipped type="pytest.skip" message="Principal login failed: {&quot;error&quot;:&quot;Invalid credentials&quot;}">/app/backend/tests/test_principal_and_reference.py:157: Principal login failed: {"error":"Invalid credentials"}</skipped></testcase><testcase classname="backend.tests.test_principal_and_reference.TestReferenceMaterialsCRUD" name="test_get_reference_materials_list" time="1.054"><failure message="AssertionError: Expected 200, got 401: {&quot;error&quot;:&quot;Authorization header required&quot;}&#10;assert 401 == 200&#10; +  where 401 = &lt;Response [401]&gt;.status_code">backend/tests/test_principal_and_reference.py:215: in test_get_reference_materials_list
    assert response.status_code == 200, f"Expected 200, got {response.status_code}: {response.text}"
E   AssertionError: Expected 200, got 401: {"error":"Authorization header required"}
E   assert 401 == 200
E    +  where 401 = &lt;Response [401]&gt;.status_code</failure></testcase><testcase classname="backend.tests.test_principal_and_reference.TestReferenceMaterialsCRUD" name="test_create_reference_material" time="1.078"><failure message="AssertionError: Expected 200/201, got 401: {&quot;error&quot;:&quot;Authorization header required&quot;}&#10;assert 401 in [200, 201]&#10; +  where 401 = &lt;Response [401]&gt;.status_code">backend/tests/test_principal_and_reference.py:240: in test_create_reference_material
    assert response.status_code in [200, 201], f"Expected 200/201, got {response.status_code}: {response.text}"
E   AssertionError: Expected 200/201, got 401: {"error":"Authorization header required"}
E   assert 401 in [200, 201]
E    +  where 401 = &lt;Response [401]&gt;.status_code</failure></testcase><testcase classname="backend.tests.test_principal_and_reference.TestReferenceMaterialsCRUD" name="test_create_and_verify_persistence" time="1.868"><failure message="AssertionError: Create failed: {&quot;error&quot;:&quot;Authorization header required&quot;}&#10;assert 401 in [200, 201]&#10; +  where 401 = &lt;Response [401]&gt;.status_code">backend/tests/test_principal_and_reference.py:271: in test_create_and_verify_persistence
    assert create_response.status_code in [200, 201], f"Create failed: {create_response.text}"
E   AssertionError: Create failed: {"error":"Authorization header required"}
E   assert 401 in [200, 201]
E    +  where 401 = &lt;Response [401]&gt;.status_code</failure></testcase><testcase classname="backend.tests.test_principal_and_reference.TestReferenceMaterialsCRUD" name="test_update_reference_material" time="1.248"><failure message="assert 401 in [200, 201]&#10; +  where 401 = &lt;Response [401]&gt;.status_code">backend/tests/test_principal_and_reference.py:299: in test_update_reference_material
    assert create_response.status_code in [200, 201]
E   assert 401 in [200, 201]
E    +  where 401 = &lt;Response [401]&gt;.status_code</failure></testcase><testcase classname="backend.tests.test_principal_and_reference.TestReferenceMaterialsCRUD" name="test_delete_reference_material" time="1.069"><failure message="assert 401 in [200, 201]&#10; +  where 401 = &lt;Response [401]&gt;.status_code">backend/tests/test_principal_and_reference.py:335: in test_delete_reference_material
    assert create_response.status_code in [200, 201]
E   assert 401 in [200, 201]
E    +  where 401 = &lt;Response [401]&gt;.status_code</failure></testcase><testcase classname="backend.tests.test_principal_and_reference.TestCleanup" name="test_cleanup_test_materials" time="1.271" /></testsuite></testsuites>