<?xml version="1.0" encoding="utf-8"?><testsuites name="pytest tests"><testsuite name="pytest" errors="0" failures="0" skipped="0" tests="10" time="2.046" timestamp="2026-07-07T04:18:00.827428+00:00" hostname="agent-env-6d2648dc-e9df-408c-8760-91f1c748d6d2"><testcase classname="backend.tests.test_wing_rc1.TestWingRC1" name="test_01_health_check" time="0.196" /><testcase classname="backend.tests.test_wing_rc1.TestWingRC1" name="test_02_get_wings_for_mvmchn" time="0.157" /><testcase classname="backend.tests.test_wing_rc1.TestWingRC1" name="test_03_get_schools_list" time="0.154" /><testcase classname="backend.tests.test_wing_rc1.TestWingRC1" name="test_04_create_teacher_with_wing" time="0.232" /><testcase classname="backend.tests.test_wing_rc1.TestWingRC1" name="test_05_create_hod_with_wing" time="0.224" /><testcase classname="backend.tests.test_wing_rc1.TestWingRC1" name="test_06_teacher_requires_wing" time="0.114" /><testcase classname="backend.tests.test_wing_rc1.TestWingRC1" name="test_07_teacher_requires_subjects" time="0.150" /><testcase classname="backend.tests.test_wing_rc1.TestWingRC1" name="test_08_wing_crud_operations" time="0.396" /><testcase classname="backend.tests.test_wing_rc1.TestWingRC1" name="test_09_school_creation_auto_seeds_wings" time="0.223" /><testcase classname="backend.tests.test_wing_rc1.TestWingRC1" name="test_10_get_users_for_school" time="0.145" /></testsuite></testsuites>