<?xml version="1.0" encoding="utf-8"?><testsuites name="pytest tests"><testsuite name="pytest" errors="0" failures="0" skipped="0" tests="16" time="4.172" timestamp="2026-06-18T15:23:03.172137+00:00" hostname="agent-env-6d2648dc-e9df-408c-8760-91f1c748d6d2"><testcase classname="backend.tests.test_blueprint_marks_decoupling.TestLoginAllRoles" name="test_super_admin_login" time="1.027" /><testcase classname="backend.tests.test_blueprint_marks_decoupling.TestLoginAllRoles" name="test_hod_login" time="0.300" /><testcase classname="backend.tests.test_blueprint_marks_decoupling.TestLoginAllRoles" name="test_teacher_login" time="0.114" /><testcase classname="backend.tests.test_blueprint_marks_decoupling.TestLoginAllRoles" name="test_student_login" time="0.099" /><testcase classname="backend.tests.test_blueprint_marks_decoupling.TestSessionExpiry" name="test_expired_token_returns_session_expired" time="0.114" /><testcase classname="backend.tests.test_blueprint_marks_decoupling.TestSessionExpiry" name="test_valid_token_works" time="0.189" /><testcase classname="backend.tests.test_blueprint_marks_decoupling.TestBlueprintValidation" name="test_validate_multiset_returns_capacity_analysis" time="0.207" /><testcase classname="backend.tests.test_blueprint_marks_decoupling.TestBlueprintValidation" name="test_validate_multiset_without_blueprint_fails" time="0.201" /><testcase classname="backend.tests.test_blueprint_marks_decoupling.TestMultiSetGeneration" name="test_generate_multiset_stores_question_marks_map" time="0.308" /><testcase classname="backend.tests.test_blueprint_marks_decoupling.TestMultiSetGeneration" name="test_generate_multiset_returns_partial_results_with_warnings" time="0.251" /><testcase classname="backend.tests.test_blueprint_marks_decoupling.TestMultiSetGeneration" name="test_generate_multiset_stats_include_distribution" time="0.232" /><testcase classname="backend.tests.test_blueprint_marks_decoupling.TestSelectByBlueprint" name="test_select_by_blueprint_returns_questions_with_marks" time="0.208" /><testcase classname="backend.tests.test_blueprint_marks_decoupling.TestSelectByBlueprint" name="test_select_by_blueprint_without_blueprint_fails" time="0.200" /><testcase classname="backend.tests.test_blueprint_marks_decoupling.TestAcademicCoverage" name="test_academic_coverage_loads_correctly" time="0.218" /><testcase classname="backend.tests.test_blueprint_marks_decoupling.TestAcademicCoverage" name="test_academic_coverage_includes_section_breakdown" time="0.209" /><testcase classname="backend.tests.test_blueprint_marks_decoupling.TestQuestionListMetadata" name="test_questions_have_marks_field" time="0.210" /></testsuite></testsuites>