<?xml version="1.0" encoding="utf-8"?><testsuites name="pytest tests"><testsuite name="pytest" errors="0" failures="0" skipped="0" tests="20" time="7.417" timestamp="2026-06-18T01:24:23.718174+00:00" hostname="agent-env-6d2648dc-e9df-408c-8760-91f1c748d6d2"><testcase classname="backend.tests.test_department_cms.TestAuthentication" name="test_admin_login" time="0.505" /><testcase classname="backend.tests.test_department_cms.TestAuthentication" name="test_super_admin_login" time="1.311" /><testcase classname="backend.tests.test_department_cms.TestAuthentication" name="test_hod_login" time="0.071" /><testcase classname="backend.tests.test_department_cms.TestDepartmentCMSAPIs" name="test_get_classes" time="0.155" /><testcase classname="backend.tests.test_department_cms.TestDepartmentCMSAPIs" name="test_get_subjects" time="0.136" /><testcase classname="backend.tests.test_department_cms.TestDepartmentCMSAPIs" name="test_get_departments" time="0.168" /><testcase classname="backend.tests.test_department_cms.TestDepartmentOperations" name="test_create_class" time="0.212" /><testcase classname="backend.tests.test_department_cms.TestDepartmentOperations" name="test_create_subject" time="0.224" /><testcase classname="backend.tests.test_department_cms.TestDepartmentOperations" name="test_generate_departments" time="0.437" /><testcase classname="backend.tests.test_department_cms.TestDepartmentOperations" name="test_assign_department_head" time="0.544" /><testcase classname="backend.tests.test_department_cms.TestDepartmentOperations" name="test_add_member_to_department" time="0.470" /><testcase classname="backend.tests.test_department_cms.TestDepartmentOperations" name="test_get_department_members" time="0.406" /><testcase classname="backend.tests.test_department_cms.TestBatchAPIs" name="test_create_batch_for_test" time="0.973" /><testcase classname="backend.tests.test_department_cms.TestBatchAPIs" name="test_get_batches_for_test" time="0.189" /><testcase classname="backend.tests.test_department_cms.TestBatchAPIs" name="test_assign_students_to_batch" time="0.418" /><testcase classname="backend.tests.test_department_cms.TestBackwardCompatibility" name="test_chapters_endpoint_works" time="0.131" /><testcase classname="backend.tests.test_department_cms.TestBackwardCompatibility" name="test_lessons_endpoint_works" time="0.177" /><testcase classname="backend.tests.test_department_cms.TestBackwardCompatibility" name="test_chapters_and_lessons_return_same_data" time="0.183" /><testcase classname="backend.tests.test_department_cms.TestSuperAdminUserCreation" name="test_create_user_with_roll_number" time="0.461" /><testcase classname="backend.tests.test_department_cms.TestHODDepartmentAccess" name="test_hod_can_view_departments" time="0.130" /></testsuite></testsuites>