<?xml version="1.0" encoding="utf-8"?><testsuites name="pytest tests"><testsuite name="pytest" errors="0" failures="0" skipped="0" tests="18" time="4.272" timestamp="2026-06-18T14:46:11.337626+00:00" hostname="agent-env-6d2648dc-e9df-408c-8760-91f1c748d6d2"><testcase classname="backend.tests.test_token_expiry_login.TestLoginFlows" name="test_super_admin_login" time="0.655" /><testcase classname="backend.tests.test_token_expiry_login.TestLoginFlows" name="test_hod_login" time="0.397" /><testcase classname="backend.tests.test_token_expiry_login.TestLoginFlows" name="test_teacher_login" time="0.107" /><testcase classname="backend.tests.test_token_expiry_login.TestLoginFlows" name="test_student_login" time="0.136" /><testcase classname="backend.tests.test_token_expiry_login.TestLoginFlows" name="test_invalid_credentials" time="0.112" /><testcase classname="backend.tests.test_token_expiry_login.TestLoginFlows" name="test_invalid_school_code" time="0.093" /><testcase classname="backend.tests.test_token_expiry_login.TestTokenExpiry" name="test_valid_token_access" time="0.356" /><testcase classname="backend.tests.test_token_expiry_login.TestTokenExpiry" name="test_expired_token_returns_session_expired" time="0.105" /><testcase classname="backend.tests.test_token_expiry_login.TestTokenExpiry" name="test_student_expired_token_after_3h" time="0.126" /><testcase classname="backend.tests.test_token_expiry_login.TestTokenExpiry" name="test_no_token_returns_401" time="0.077" /><testcase classname="backend.tests.test_token_expiry_login.TestTokenExpiry" name="test_invalid_token_format" time="0.104" /><testcase classname="backend.tests.test_token_expiry_login.TestHODDashboardAPIs" name="test_blueprints_endpoint" time="0.236" /><testcase classname="backend.tests.test_token_expiry_login.TestHODDashboardAPIs" name="test_my_departments_endpoint" time="0.232" /><testcase classname="backend.tests.test_token_expiry_login.TestHODDashboardAPIs" name="test_tests_endpoint" time="0.299" /><testcase classname="backend.tests.test_token_expiry_login.TestHODDashboardAPIs" name="test_pending_questions_endpoint" time="0.237" /><testcase classname="backend.tests.test_token_expiry_login.TestHODDashboardAPIs" name="test_questions_endpoint" time="0.295" /><testcase classname="backend.tests.test_token_expiry_login.TestHODDashboardAPIs" name="test_academic_coverage_endpoint" time="0.344" /><testcase classname="backend.tests.test_token_expiry_login.TestExamConfigs" name="test_exams_for_blueprint" time="0.244" /></testsuite></testsuites>