<?xml version="1.0" encoding="utf-8"?><testsuites name="pytest tests"><testsuite name="pytest" errors="0" failures="0" skipped="0" tests="11" time="2.308" timestamp="2026-06-18T03:50:50.739490+00:00" hostname="agent-env-6d2648dc-e9df-408c-8760-91f1c748d6d2"><testcase classname="backend.tests.test_department_permissions.TestLoginResponses" name="test_hod_login_includes_department_ids" time="0.307" /><testcase classname="backend.tests.test_department_permissions.TestLoginResponses" name="test_teacher_login_includes_department_ids" time="0.069" /><testcase classname="backend.tests.test_department_permissions.TestMyDepartmentsEndpoint" name="test_my_departments_returns_enriched_info" time="0.154" /><testcase classname="backend.tests.test_department_permissions.TestDepartmentFilteredQueries" name="test_questions_with_department_filter" time="0.131" /><testcase classname="backend.tests.test_department_permissions.TestDepartmentFilteredQueries" name="test_blueprints_with_department_filter" time="0.172" /><testcase classname="backend.tests.test_department_permissions.TestDepartmentFilteredQueries" name="test_tests_with_department_filter" time="0.195" /><testcase classname="backend.tests.test_department_permissions.TestSecurityDepartmentAccess" name="test_teacher_cannot_access_unassigned_department_questions" time="0.329" /><testcase classname="backend.tests.test_department_permissions.TestSecurityDepartmentAccess" name="test_hod_cannot_access_unassigned_department_blueprints" time="0.337" /><testcase classname="backend.tests.test_department_permissions.TestDepartmentIdRequired" name="test_post_questions_requires_department_id" time="0.197" /><testcase classname="backend.tests.test_department_permissions.TestDepartmentIdRequired" name="test_post_blueprints_requires_department_id" time="0.158" /><testcase classname="backend.tests.test_department_permissions.TestAdminBypass" name="test_admin_can_get_questions_without_department_filter" time="0.210" /></testsuite></testsuites>