<?xml version="1.0" encoding="utf-8"?><testsuites name="pytest tests"><testsuite name="pytest" errors="0" failures="0" skipped="0" tests="13" time="62.707" timestamp="2026-04-07T01:56:56.517490+00:00" hostname="agent-env-6d2648dc-e9df-408c-8760-91f1c748d6d2"><testcase classname="backend.tests.test_set_comparison_approval.TestAuthentication" name="test_hod_login" time="0.740" /><testcase classname="backend.tests.test_set_comparison_approval.TestAuthentication" name="test_super_admin_login" time="0.069" /><testcase classname="backend.tests.test_set_comparison_approval.TestApprovalGateWorkflow" name="test_01_regenerate_sets_resets_approval" time="0.141" /><testcase classname="backend.tests.test_set_comparison_approval.TestApprovalGateWorkflow" name="test_02_download_pdf_before_approval_returns_403" time="0.344" /><testcase classname="backend.tests.test_set_comparison_approval.TestApprovalGateWorkflow" name="test_03_download_docx_before_approval_returns_403" time="0.140" /><testcase classname="backend.tests.test_set_comparison_approval.TestApprovalGateWorkflow" name="test_04_download_answer_key_before_approval_returns_403" time="0.143" /><testcase classname="backend.tests.test_set_comparison_approval.TestApprovalGateWorkflow" name="test_05_approve_sets_returns_success" time="0.167" /><testcase classname="backend.tests.test_set_comparison_approval.TestApprovalGateWorkflow" name="test_06_download_pdf_after_approval_returns_200" time="0.142" /><testcase classname="backend.tests.test_set_comparison_approval.TestApprovalGateWorkflow" name="test_07_download_docx_after_approval_returns_200" time="0.147" /><testcase classname="backend.tests.test_set_comparison_approval.TestApprovalGateWorkflow" name="test_08_download_answer_key_after_approval_returns_200" time="0.192" /><testcase classname="backend.tests.test_set_comparison_approval.TestGenerateMultisetResponse" name="test_generate_multiset_returns_type_distribution" time="0.128" /><testcase classname="backend.tests.test_set_comparison_approval.TestHODApprovalFlow" name="test_hod_can_approve_sets" time="0.156" /><testcase classname="backend.tests.test_set_comparison_approval.TestTestDataVerification" name="test_verify_test_exists" time="60.143" /></testsuite></testsuites>