<?xml version="1.0" encoding="utf-8"?><testsuites name="pytest tests"><testsuite name="pytest" errors="0" failures="0" skipped="0" tests="20" time="4.162" timestamp="2026-06-25T13:57:06.330871+00:00" hostname="agent-env-6d2648dc-e9df-408c-8760-91f1c748d6d2"><testcase classname="backend.tests.test_rc1_storage_migration.TestHealthAndStorage" name="test_health_endpoint_returns_healthy" time="0.409" /><testcase classname="backend.tests.test_rc1_storage_migration.TestHealthAndStorage" name="test_storage_status_requires_auth" time="0.115" /><testcase classname="backend.tests.test_rc1_storage_migration.TestHealthAndStorage" name="test_storage_status_with_super_admin" time="0.413" /><testcase classname="backend.tests.test_rc1_storage_migration.TestAuthentication" name="test_login_missing_fields_returns_400" time="0.136" /><testcase classname="backend.tests.test_rc1_storage_migration.TestAuthentication" name="test_login_invalid_credentials_returns_401" time="0.120" /><testcase classname="backend.tests.test_rc1_storage_migration.TestAuthentication" name="test_super_admin_login_success" time="0.121" /><testcase classname="backend.tests.test_rc1_storage_migration.TestAuthentication" name="test_hod_login_success" time="0.122" /><testcase classname="backend.tests.test_rc1_storage_migration.TestAuthentication" name="test_teacher_login_success" time="0.137" /><testcase classname="backend.tests.test_rc1_storage_migration.TestQuestionsAPI" name="test_get_questions_requires_auth" time="0.142" /><testcase classname="backend.tests.test_rc1_storage_migration.TestQuestionsAPI" name="test_get_questions_with_auth" time="0.335" /><testcase classname="backend.tests.test_rc1_storage_migration.TestBlueprintsAPI" name="test_get_blueprints_requires_auth" time="0.098" /><testcase classname="backend.tests.test_rc1_storage_migration.TestBlueprintsAPI" name="test_get_blueprints_with_auth" time="0.244" /><testcase classname="backend.tests.test_rc1_storage_migration.TestTestsAPI" name="test_get_tests_with_auth" time="0.239" /><testcase classname="backend.tests.test_rc1_storage_migration.TestStorageUpload" name="test_storage_upload_requires_auth" time="0.138" /><testcase classname="backend.tests.test_rc1_storage_migration.TestStorageUpload" name="test_storage_upload_role_protected" time="0.261" /><testcase classname="backend.tests.test_rc1_storage_migration.TestPaperExport" name="test_paper_docx_endpoint_exists" time="0.265" /><testcase classname="backend.tests.test_rc1_storage_migration.TestPaperExport" name="test_paper_pdf_endpoint_exists" time="0.215" /><testcase classname="backend.tests.test_rc1_storage_migration.TestAnalytics" name="test_analytics_endpoint" time="0.248" /><testcase classname="backend.tests.test_rc1_storage_migration.TestNoS3References" name="test_storage_status_no_s3_references" time="0.174" /><testcase classname="backend.tests.test_rc1_storage_migration.TestNoS3References" name="test_health_no_s3_references" time="0.125" /></testsuite></testsuites>