<?xml version="1.0" encoding="utf-8"?><testsuites name="pytest tests"><testsuite name="pytest" errors="0" failures="0" skipped="0" tests="10" time="2.367" timestamp="2026-06-18T04:58:51.846614+00:00" hostname="agent-env-6d2648dc-e9df-408c-8760-91f1c748d6d2"><testcase classname="backend.tests.test_word_parser.TestWordParserPreview" name="test_science_template_parsing" time="1.038" /><testcase classname="backend.tests.test_word_parser.TestWordParserPreview" name="test_context_switching" time="0.145" /><testcase classname="backend.tests.test_word_parser.TestWordParserPreview" name="test_english_template_with_passage" time="0.149" /><testcase classname="backend.tests.test_word_parser.TestWordParserPreview" name="test_sanskrit_unicode_support" time="0.145" /><testcase classname="backend.tests.test_word_parser.TestWordParserPreview" name="test_validation_warnings" time="0.147" /><testcase classname="backend.tests.test_word_parser.TestWordParserPreview" name="test_hierarchy_summary_in_response" time="0.123" /><testcase classname="backend.tests.test_word_parser.TestWordParserPreview" name="test_per_question_hierarchy_fields" time="0.129" /><testcase classname="backend.tests.test_word_parser.TestWordParserConfirm" name="test_confirm_with_department_id" time="0.218" /><testcase classname="backend.tests.test_word_parser.TestAuthAndAccess" name="test_preview_requires_auth" time="0.105" /><testcase classname="backend.tests.test_word_parser.TestAuthAndAccess" name="test_confirm_requires_auth" time="0.069" /></testsuite></testsuites>