<?xml version="1.0" encoding="utf-8"?><testsuites name="pytest tests"><testsuite name="pytest" errors="0" failures="0" skipped="0" tests="18" time="2.571" timestamp="2026-07-06T04:07:51.038263+00:00" hostname="agent-env-6d2648dc-e9df-408c-8760-91f1c748d6d2"><testcase classname="backend.tests.test_rc1_migration_fix.TestHealthEndpoint" name="test_health_returns_healthy" time="0.563" /><testcase classname="backend.tests.test_rc1_migration_fix.TestLoginFlows" name="test_super_admin_login" time="0.111" /><testcase classname="backend.tests.test_rc1_migration_fix.TestLoginFlows" name="test_hod_login" time="0.118" /><testcase classname="backend.tests.test_rc1_migration_fix.TestLoginFlows" name="test_teacher_login" time="0.112" /><testcase classname="backend.tests.test_rc1_migration_fix.TestAuthenticatedEndpoints" name="test_questions_api_with_auth" time="0.262" /><testcase classname="backend.tests.test_rc1_migration_fix.TestAuthenticatedEndpoints" name="test_blueprints_api_with_auth" time="0.223" /><testcase classname="backend.tests.test_rc1_migration_fix.TestAuthenticatedEndpoints" name="test_storage_status_with_super_admin" time="0.198" /><testcase classname="backend.tests.test_rc1_migration_fix.TestMigrationArtifacts" name="test_migrations_directory_exists" time="0.000" /><testcase classname="backend.tests.test_rc1_migration_fix.TestMigrationArtifacts" name="test_migration_sql_has_if_not_exists" time="0.000" /><testcase classname="backend.tests.test_rc1_migration_fix.TestMigrationArtifacts" name="test_migration_journal_exists" time="0.000" /><testcase classname="backend.tests.test_rc1_migration_fix.TestDockerfileConfiguration" name="test_dockerfile_copies_migrations" time="0.000" /><testcase classname="backend.tests.test_rc1_migration_fix.TestDockerfileConfiguration" name="test_dockerfile_generates_migrations" time="0.000" /><testcase classname="backend.tests.test_rc1_migration_fix.TestStartupSequence" name="test_index_ts_startup_order" time="0.000" /><testcase classname="backend.tests.test_rc1_migration_fix.TestStartupSequence" name="test_migrate_ts_exists" time="0.000" /><testcase classname="backend.tests.test_rc1_migration_fix.TestDatabaseTables" name="test_users_table_exists" time="0.210" /><testcase classname="backend.tests.test_rc1_migration_fix.TestDatabaseTables" name="test_tenants_table_exists" time="0.158" /><testcase classname="backend.tests.test_rc1_migration_fix.TestDatabaseTables" name="test_questions_table_exists" time="0.196" /><testcase classname="backend.tests.test_rc1_migration_fix.TestDatabaseTables" name="test_blueprints_table_exists" time="0.301" /></testsuite></testsuites>